<?xml version="1.0" encoding="UTF-8"?>
<testng-results skipped="0" failed="0" ignored="0" total="37" passed="37">
  <reporter-output>
  </reporter-output>
  <suite name="Default suite" duration-ms="2187" started-at="2018-12-09T23:05:45Z" finished-at="2018-12-09T23:05:48Z">
    <groups>
    </groups>
    <test name="Default test" duration-ms="2187" started-at="2018-12-09T23:05:45Z" finished-at="2018-12-09T23:05:48Z">
      <class name="de.letsbuildacompiler.compiler.CompilerTest">
        <test-method status="PASS" signature="createTempDir()[pri:0, instance:de.letsbuildacompiler.compiler.CompilerTest@724af044]" name="createTempDir" is-config="true" duration-ms="11" started-at="2018-12-09T23:05:45Z" finished-at="2018-12-09T23:05:45Z">
          <reporter-output>
          </reporter-output>
        </test-method> <!-- createTempDir -->
        <test-method status="PASS" signature="compilingCode_throwsUndeclaredVariableException_ifReadingUndefinedVariable()[pri:0, instance:de.letsbuildacompiler.compiler.CompilerTest@724af044]" name="compilingCode_throwsUndeclaredVariableException_ifReadingUndefinedVariable" duration-ms="81" started-at="2018-12-09T23:05:45Z" finished-at="2018-12-09T23:05:46Z">
          <exception class="de.letsbuildacompiler.compiler.exceptions.UndeclaredVariableException">
            <message>
              <![CDATA[1:8 undeclared variable <x>]]>
            </message>
            <full-stacktrace>
              <![CDATA[de.letsbuildacompiler.compiler.exceptions.UndeclaredVariableException: 1:8 undeclared variable <x>
at de.letsbuildacompiler.compiler.CMinusVisitor.requireVariableIndex(CMinusVisitor.java:347)
at de.letsbuildacompiler.compiler.CMinusVisitor.visitVariable(CMinusVisitor.java:182)
at de.letsbuildacompiler.compiler.CMinusVisitor.visitVariable(CMinusVisitor.java:1)
at de.letsbuildacompiler.parser.DemoParser$VariableContext.accept(DemoParser.java:287)
at org.antlr.v4.runtime.tree.AbstractParseTreeVisitor.visit(AbstractParseTreeVisitor.java:44)
at de.letsbuildacompiler.compiler.CMinusVisitor.visitPrintln(CMinusVisitor.java:55)
at de.letsbuildacompiler.compiler.CMinusVisitor.visitPrintln(CMinusVisitor.java:1)
at de.letsbuildacompiler.parser.DemoParser$PrintlnContext.accept(DemoParser.java:1109)
at org.antlr.v4.runtime.tree.AbstractParseTreeVisitor.visitChildren(AbstractParseTreeVisitor.java:72)
at de.letsbuildacompiler.parser.DemoBaseVisitor.visitStatement(DemoBaseVisitor.java:141)
at de.letsbuildacompiler.parser.DemoParser$StatementContext.accept(DemoParser.java:205)
at org.antlr.v4.runtime.tree.AbstractParseTreeVisitor.visitChildren(AbstractParseTreeVisitor.java:72)
at de.letsbuildacompiler.parser.DemoBaseVisitor.visitMainStatement(DemoBaseVisitor.java:213)
at de.letsbuildacompiler.parser.DemoParser$MainStatementContext.accept(DemoParser.java:129)
at org.antlr.v4.runtime.tree.AbstractParseTreeVisitor.visit(AbstractParseTreeVisitor.java:44)
at de.letsbuildacompiler.compiler.CMinusVisitor.visitProgram(CMinusVisitor.java:326)
at de.letsbuildacompiler.compiler.CMinusVisitor.visitProgram(CMinusVisitor.java:1)
at de.letsbuildacompiler.parser.DemoParser$ProgramContext.accept(DemoParser.java:73)
at org.antlr.v4.runtime.tree.AbstractParseTreeVisitor.visit(AbstractParseTreeVisitor.java:44)
at de.letsbuildacompiler.compiler.Main.compile(Main.java:24)
at de.letsbuildacompiler.compiler.CompilerTest.compileAndRun(CompilerTest.java:308)
at de.letsbuildacompiler.compiler.CompilerTest.compilingCode_throwsUndeclaredVariableException_ifReadingUndefinedVariable(CompilerTest.java:62)
at sun.reflect.NativeMethodAccessorImpl.invoke0(Native Method)
at sun.reflect.NativeMethodAccessorImpl.invoke(NativeMethodAccessorImpl.java:62)
at sun.reflect.DelegatingMethodAccessorImpl.invoke(DelegatingMethodAccessorImpl.java:43)
at java.lang.reflect.Method.invoke(Method.java:498)
at org.testng.internal.MethodInvocationHelper.invokeMethod(MethodInvocationHelper.java:124)
at org.testng.internal.Invoker.invokeMethod(Invoker.java:580)
at org.testng.internal.Invoker.invokeTestMethod(Invoker.java:716)
at org.testng.internal.Invoker.invokeTestMethods(Invoker.java:988)
at org.testng.internal.TestMethodWorker.invokeTestMethods(TestMethodWorker.java:125)
at org.testng.internal.TestMethodWorker.run(TestMethodWorker.java:109)
at org.testng.TestRunner.privateRun(TestRunner.java:648)
at org.testng.TestRunner.run(TestRunner.java:505)
at org.testng.SuiteRunner.runTest(SuiteRunner.java:455)
at org.testng.SuiteRunner.runSequentially(SuiteRunner.java:450)
at org.testng.SuiteRunner.privateRun(SuiteRunner.java:415)
at org.testng.SuiteRunner.run(SuiteRunner.java:364)
at org.testng.SuiteRunnerWorker.runSuite(SuiteRunnerWorker.java:52)
at org.testng.SuiteRunnerWorker.run(SuiteRunnerWorker.java:84)
at org.testng.TestNG.runSuitesSequentially(TestNG.java:1208)
at org.testng.TestNG.runSuitesLocally(TestNG.java:1137)
at org.testng.TestNG.runSuites(TestNG.java:1049)
at org.testng.TestNG.run(TestNG.java:1017)
at org.testng.remote.AbstractRemoteTestNG.run(AbstractRemoteTestNG.java:114)
at org.testng.remote.RemoteTestNG.initAndRun(RemoteTestNG.java:251)
at org.testng.remote.RemoteTestNG.main(RemoteTestNG.java:77)
]]>
            </full-stacktrace>
          </exception> <!-- de.letsbuildacompiler.compiler.exceptions.UndeclaredVariableException -->
          <reporter-output>
          </reporter-output>
        </test-method> <!-- compilingCode_throwsUndeclaredVariableException_ifReadingUndefinedVariable -->
        <test-method status="PASS" signature="deleteTempDir()[pri:0, instance:de.letsbuildacompiler.compiler.CompilerTest@724af044]" name="deleteTempDir" is-config="true" duration-ms="1" started-at="2018-12-09T23:05:46Z" finished-at="2018-12-09T23:05:46Z">
          <reporter-output>
          </reporter-output>
        </test-method> <!-- deleteTempDir -->
        <test-method status="PASS" signature="createTempDir()[pri:0, instance:de.letsbuildacompiler.compiler.CompilerTest@724af044]" name="createTempDir" is-config="true" duration-ms="1" started-at="2018-12-09T23:05:46Z" finished-at="2018-12-09T23:05:46Z">
          <reporter-output>
          </reporter-output>
        </test-method> <!-- createTempDir -->
        <test-method status="PASS" signature="compilingCode_throwsUndeclaredVariableException_ifWritingUndefinedVariable()[pri:0, instance:de.letsbuildacompiler.compiler.CompilerTest@724af044]" name="compilingCode_throwsUndeclaredVariableException_ifWritingUndefinedVariable" duration-ms="3" started-at="2018-12-09T23:05:46Z" finished-at="2018-12-09T23:05:46Z">
          <exception class="de.letsbuildacompiler.compiler.exceptions.UndeclaredVariableException">
            <message>
              <![CDATA[1:0 undeclared variable <x>]]>
            </message>
            <full-stacktrace>
              <![CDATA[de.letsbuildacompiler.compiler.exceptions.UndeclaredVariableException: 1:0 undeclared variable <x>
at de.letsbuildacompiler.compiler.CMinusVisitor.requireVariableIndex(CMinusVisitor.java:347)
at de.letsbuildacompiler.compiler.CMinusVisitor.visitSimpleAssignment(CMinusVisitor.java:160)
at de.letsbuildacompiler.compiler.CMinusVisitor.visitSimpleAssignment(CMinusVisitor.java:1)
at de.letsbuildacompiler.parser.DemoParser$SimpleAssignmentContext.accept(DemoParser.java:1052)
at org.antlr.v4.runtime.tree.AbstractParseTreeVisitor.visitChildren(AbstractParseTreeVisitor.java:72)
at de.letsbuildacompiler.parser.DemoBaseVisitor.visitStatement(DemoBaseVisitor.java:141)
at de.letsbuildacompiler.parser.DemoParser$StatementContext.accept(DemoParser.java:205)
at org.antlr.v4.runtime.tree.AbstractParseTreeVisitor.visitChildren(AbstractParseTreeVisitor.java:72)
at de.letsbuildacompiler.parser.DemoBaseVisitor.visitMainStatement(DemoBaseVisitor.java:213)
at de.letsbuildacompiler.parser.DemoParser$MainStatementContext.accept(DemoParser.java:129)
at org.antlr.v4.runtime.tree.AbstractParseTreeVisitor.visit(AbstractParseTreeVisitor.java:44)
at de.letsbuildacompiler.compiler.CMinusVisitor.visitProgram(CMinusVisitor.java:326)
at de.letsbuildacompiler.compiler.CMinusVisitor.visitProgram(CMinusVisitor.java:1)
at de.letsbuildacompiler.parser.DemoParser$ProgramContext.accept(DemoParser.java:73)
at org.antlr.v4.runtime.tree.AbstractParseTreeVisitor.visit(AbstractParseTreeVisitor.java:44)
at de.letsbuildacompiler.compiler.Main.compile(Main.java:24)
at de.letsbuildacompiler.compiler.CompilerTest.compileAndRun(CompilerTest.java:308)
at de.letsbuildacompiler.compiler.CompilerTest.compilingCode_throwsUndeclaredVariableException_ifWritingUndefinedVariable(CompilerTest.java:71)
at sun.reflect.NativeMethodAccessorImpl.invoke0(Native Method)
at sun.reflect.NativeMethodAccessorImpl.invoke(NativeMethodAccessorImpl.java:62)
at sun.reflect.DelegatingMethodAccessorImpl.invoke(DelegatingMethodAccessorImpl.java:43)
at java.lang.reflect.Method.invoke(Method.java:498)
at org.testng.internal.MethodInvocationHelper.invokeMethod(MethodInvocationHelper.java:124)
at org.testng.internal.Invoker.invokeMethod(Invoker.java:580)
at org.testng.internal.Invoker.invokeTestMethod(Invoker.java:716)
at org.testng.internal.Invoker.invokeTestMethods(Invoker.java:988)
at org.testng.internal.TestMethodWorker.invokeTestMethods(TestMethodWorker.java:125)
at org.testng.internal.TestMethodWorker.run(TestMethodWorker.java:109)
at org.testng.TestRunner.privateRun(TestRunner.java:648)
at org.testng.TestRunner.run(TestRunner.java:505)
at org.testng.SuiteRunner.runTest(SuiteRunner.java:455)
at org.testng.SuiteRunner.runSequentially(SuiteRunner.java:450)
at org.testng.SuiteRunner.privateRun(SuiteRunner.java:415)
at org.testng.SuiteRunner.run(SuiteRunner.java:364)
at org.testng.SuiteRunnerWorker.runSuite(SuiteRunnerWorker.java:52)
at org.testng.SuiteRunnerWorker.run(SuiteRunnerWorker.java:84)
at org.testng.TestNG.runSuitesSequentially(TestNG.java:1208)
at org.testng.TestNG.runSuitesLocally(TestNG.java:1137)
at org.testng.TestNG.runSuites(TestNG.java:1049)
at org.testng.TestNG.run(TestNG.java:1017)
at org.testng.remote.AbstractRemoteTestNG.run(AbstractRemoteTestNG.java:114)
at org.testng.remote.RemoteTestNG.initAndRun(RemoteTestNG.java:251)
at org.testng.remote.RemoteTestNG.main(RemoteTestNG.java:77)
]]>
            </full-stacktrace>
          </exception> <!-- de.letsbuildacompiler.compiler.exceptions.UndeclaredVariableException -->
          <reporter-output>
          </reporter-output>
        </test-method> <!-- compilingCode_throwsUndeclaredVariableException_ifWritingUndefinedVariable -->
        <test-method status="PASS" signature="deleteTempDir()[pri:0, instance:de.letsbuildacompiler.compiler.CompilerTest@724af044]" name="deleteTempDir" is-config="true" duration-ms="1" started-at="2018-12-09T23:05:46Z" finished-at="2018-12-09T23:05:46Z">
          <reporter-output>
          </reporter-output>
        </test-method> <!-- deleteTempDir -->
        <test-method status="PASS" signature="createTempDir()[pri:0, instance:de.letsbuildacompiler.compiler.CompilerTest@724af044]" name="createTempDir" is-config="true" duration-ms="1" started-at="2018-12-09T23:05:46Z" finished-at="2018-12-09T23:05:46Z">
          <reporter-output>
          </reporter-output>
        </test-method> <!-- createTempDir -->
        <test-method status="PASS" signature="compilingCode_throwsVariableAlreadyDefinedException_whenDefiningAlreadyDefinedVariable()[pri:0, instance:de.letsbuildacompiler.compiler.CompilerTest@724af044]" name="compilingCode_throwsVariableAlreadyDefinedException_whenDefiningAlreadyDefinedVariable" duration-ms="4" started-at="2018-12-09T23:05:46Z" finished-at="2018-12-09T23:05:46Z">
          <exception class="de.letsbuildacompiler.compiler.exceptions.VariableAlreadyDefinedException">
            <message>
              <![CDATA[2:4 variable already defined: <x>]]>
            </message>
            <full-stacktrace>
              <![CDATA[de.letsbuildacompiler.compiler.exceptions.VariableAlreadyDefinedException: 2:4 variable already defined: <x>
at de.letsbuildacompiler.compiler.CMinusVisitor.visitSimpleVarDeclaration(CMinusVisitor.java:127)
at de.letsbuildacompiler.compiler.CMinusVisitor.visitSimpleVarDeclaration(CMinusVisitor.java:1)
at de.letsbuildacompiler.parser.DemoParser$SimpleVarDeclarationContext.accept(DemoParser.java:919)
at org.antlr.v4.runtime.tree.AbstractParseTreeVisitor.visitChildren(AbstractParseTreeVisitor.java:72)
at de.letsbuildacompiler.parser.DemoBaseVisitor.visitStatement(DemoBaseVisitor.java:141)
at de.letsbuildacompiler.parser.DemoParser$StatementContext.accept(DemoParser.java:205)
at org.antlr.v4.runtime.tree.AbstractParseTreeVisitor.visitChildren(AbstractParseTreeVisitor.java:72)
at de.letsbuildacompiler.parser.DemoBaseVisitor.visitMainStatement(DemoBaseVisitor.java:213)
at de.letsbuildacompiler.parser.DemoParser$MainStatementContext.accept(DemoParser.java:129)
at org.antlr.v4.runtime.tree.AbstractParseTreeVisitor.visit(AbstractParseTreeVisitor.java:44)
at de.letsbuildacompiler.compiler.CMinusVisitor.visitProgram(CMinusVisitor.java:326)
at de.letsbuildacompiler.compiler.CMinusVisitor.visitProgram(CMinusVisitor.java:1)
at de.letsbuildacompiler.parser.DemoParser$ProgramContext.accept(DemoParser.java:73)
at org.antlr.v4.runtime.tree.AbstractParseTreeVisitor.visit(AbstractParseTreeVisitor.java:44)
at de.letsbuildacompiler.compiler.Main.compile(Main.java:24)
at de.letsbuildacompiler.compiler.CompilerTest.compileAndRun(CompilerTest.java:308)
at de.letsbuildacompiler.compiler.CompilerTest.compilingCode_throwsVariableAlreadyDefinedException_whenDefiningAlreadyDefinedVariable(CompilerTest.java:80)
at sun.reflect.NativeMethodAccessorImpl.invoke0(Native Method)
at sun.reflect.NativeMethodAccessorImpl.invoke(NativeMethodAccessorImpl.java:62)
at sun.reflect.DelegatingMethodAccessorImpl.invoke(DelegatingMethodAccessorImpl.java:43)
at java.lang.reflect.Method.invoke(Method.java:498)
at org.testng.internal.MethodInvocationHelper.invokeMethod(MethodInvocationHelper.java:124)
at org.testng.internal.Invoker.invokeMethod(Invoker.java:580)
at org.testng.internal.Invoker.invokeTestMethod(Invoker.java:716)
at org.testng.internal.Invoker.invokeTestMethods(Invoker.java:988)
at org.testng.internal.TestMethodWorker.invokeTestMethods(TestMethodWorker.java:125)
at org.testng.internal.TestMethodWorker.run(TestMethodWorker.java:109)
at org.testng.TestRunner.privateRun(TestRunner.java:648)
at org.testng.TestRunner.run(TestRunner.java:505)
at org.testng.SuiteRunner.runTest(SuiteRunner.java:455)
at org.testng.SuiteRunner.runSequentially(SuiteRunner.java:450)
at org.testng.SuiteRunner.privateRun(SuiteRunner.java:415)
at org.testng.SuiteRunner.run(SuiteRunner.java:364)
at org.testng.SuiteRunnerWorker.runSuite(SuiteRunnerWorker.java:52)
at org.testng.SuiteRunnerWorker.run(SuiteRunnerWorker.java:84)
at org.testng.TestNG.runSuitesSequentially(TestNG.java:1208)
at org.testng.TestNG.runSuitesLocally(TestNG.java:1137)
at org.testng.TestNG.runSuites(TestNG.java:1049)
at org.testng.TestNG.run(TestNG.java:1017)
at org.testng.remote.AbstractRemoteTestNG.run(AbstractRemoteTestNG.java:114)
at org.testng.remote.RemoteTestNG.initAndRun(RemoteTestNG.java:251)
at org.testng.remote.RemoteTestNG.main(RemoteTestNG.java:77)
]]>
            </full-stacktrace>
          </exception> <!-- de.letsbuildacompiler.compiler.exceptions.VariableAlreadyDefinedException -->
          <reporter-output>
          </reporter-output>
        </test-method> <!-- compilingCode_throwsVariableAlreadyDefinedException_whenDefiningAlreadyDefinedVariable -->
        <test-method status="PASS" signature="deleteTempDir()[pri:0, instance:de.letsbuildacompiler.compiler.CompilerTest@724af044]" name="deleteTempDir" is-config="true" duration-ms="0" started-at="2018-12-09T23:05:46Z" finished-at="2018-12-09T23:05:46Z">
          <reporter-output>
          </reporter-output>
        </test-method> <!-- deleteTempDir -->
        <test-method status="PASS" signature="createTempDir()[pri:0, instance:de.letsbuildacompiler.compiler.CompilerTest@724af044]" name="createTempDir" is-config="true" duration-ms="1" started-at="2018-12-09T23:05:46Z" finished-at="2018-12-09T23:05:46Z">
          <reporter-output>
          </reporter-output>
        </test-method> <!-- createTempDir -->
        <test-method status="PASS" signature="runningCode_outputsExpectedText(java.lang.String, java.lang.String)[pri:0, instance:de.letsbuildacompiler.compiler.CompilerTest@724af044]" name="runningCode_outputsExpectedText" duration-ms="158" started-at="2018-12-09T23:05:46Z" data-provider="provide_code_expectedText" finished-at="2018-12-09T23:05:46Z">
          <params>
            <param index="0">
              <value>
                <![CDATA[println(1+2);]]>
              </value>
            </param>
            <param index="1">
              <value>
                <![CDATA[3
]]>
              </value>
            </param>
          </params>
          <reporter-output>
          </reporter-output>
        </test-method> <!-- runningCode_outputsExpectedText -->
        <test-method status="PASS" signature="deleteTempDir()[pri:0, instance:de.letsbuildacompiler.compiler.CompilerTest@724af044]" name="deleteTempDir" is-config="true" duration-ms="0" started-at="2018-12-09T23:05:46Z" finished-at="2018-12-09T23:05:46Z">
          <reporter-output>
          </reporter-output>
        </test-method> <!-- deleteTempDir -->
        <test-method status="PASS" signature="createTempDir()[pri:0, instance:de.letsbuildacompiler.compiler.CompilerTest@724af044]" name="createTempDir" is-config="true" duration-ms="1" started-at="2018-12-09T23:05:46Z" finished-at="2018-12-09T23:05:46Z">
          <reporter-output>
          </reporter-output>
        </test-method> <!-- createTempDir -->
        <test-method status="PASS" signature="runningCode_outputsExpectedText(java.lang.String, java.lang.String)[pri:0, instance:de.letsbuildacompiler.compiler.CompilerTest@724af044]" name="runningCode_outputsExpectedText" duration-ms="53" started-at="2018-12-09T23:05:46Z" data-provider="provide_code_expectedText" finished-at="2018-12-09T23:05:46Z">
          <params>
            <param index="0">
              <value>
                <![CDATA[println(1+2+42);]]>
              </value>
            </param>
            <param index="1">
              <value>
                <![CDATA[45
]]>
              </value>
            </param>
          </params>
          <reporter-output>
          </reporter-output>
        </test-method> <!-- runningCode_outputsExpectedText -->
        <test-method status="PASS" signature="createTempDir()[pri:0, instance:de.letsbuildacompiler.compiler.CompilerTest@724af044]" name="createTempDir" is-config="true" duration-ms="0" started-at="2018-12-09T23:05:46Z" finished-at="2018-12-09T23:05:46Z">
          <reporter-output>
          </reporter-output>
        </test-method> <!-- createTempDir -->
        <test-method status="PASS" signature="runningCode_outputsExpectedText(java.lang.String, java.lang.String)[pri:0, instance:de.letsbuildacompiler.compiler.CompilerTest@724af044]" name="runningCode_outputsExpectedText" duration-ms="53" started-at="2018-12-09T23:05:46Z" data-provider="provide_code_expectedText" finished-at="2018-12-09T23:05:46Z">
          <params>
            <param index="0">
              <value>
                <![CDATA[println(1); println(2);]]>
              </value>
            </param>
            <param index="1">
              <value>
                <![CDATA[1
2
]]>
              </value>
            </param>
          </params>
          <reporter-output>
          </reporter-output>
        </test-method> <!-- runningCode_outputsExpectedText -->
        <test-method status="PASS" signature="deleteTempDir()[pri:0, instance:de.letsbuildacompiler.compiler.CompilerTest@724af044]" name="deleteTempDir" is-config="true" duration-ms="0" started-at="2018-12-09T23:05:46Z" finished-at="2018-12-09T23:05:46Z">
          <reporter-output>
          </reporter-output>
        </test-method> <!-- deleteTempDir -->
        <test-method status="PASS" signature="deleteTempDir()[pri:0, instance:de.letsbuildacompiler.compiler.CompilerTest@724af044]" name="deleteTempDir" is-config="true" duration-ms="0" started-at="2018-12-09T23:05:46Z" finished-at="2018-12-09T23:05:46Z">
          <reporter-output>
          </reporter-output>
        </test-method> <!-- deleteTempDir -->
        <test-method status="PASS" signature="runningCode_outputsExpectedText(java.lang.String, java.lang.String)[pri:0, instance:de.letsbuildacompiler.compiler.CompilerTest@724af044]" name="runningCode_outputsExpectedText" duration-ms="55" started-at="2018-12-09T23:05:46Z" data-provider="provide_code_expectedText" finished-at="2018-12-09T23:05:46Z">
          <params>
            <param index="0">
              <value>
                <![CDATA[println(3-2);]]>
              </value>
            </param>
            <param index="1">
              <value>
                <![CDATA[1
]]>
              </value>
            </param>
          </params>
          <reporter-output>
          </reporter-output>
        </test-method> <!-- runningCode_outputsExpectedText -->
        <test-method status="PASS" signature="createTempDir()[pri:0, instance:de.letsbuildacompiler.compiler.CompilerTest@724af044]" name="createTempDir" is-config="true" duration-ms="0" started-at="2018-12-09T23:05:46Z" finished-at="2018-12-09T23:05:46Z">
          <reporter-output>
          </reporter-output>
        </test-method> <!-- createTempDir -->
        <test-method status="PASS" signature="createTempDir()[pri:0, instance:de.letsbuildacompiler.compiler.CompilerTest@724af044]" name="createTempDir" is-config="true" duration-ms="1" started-at="2018-12-09T23:05:46Z" finished-at="2018-12-09T23:05:46Z">
          <reporter-output>
          </reporter-output>
        </test-method> <!-- createTempDir -->
        <test-method status="PASS" signature="deleteTempDir()[pri:0, instance:de.letsbuildacompiler.compiler.CompilerTest@724af044]" name="deleteTempDir" is-config="true" duration-ms="0" started-at="2018-12-09T23:05:46Z" finished-at="2018-12-09T23:05:46Z">
          <reporter-output>
          </reporter-output>
        </test-method> <!-- deleteTempDir -->
        <test-method status="PASS" signature="runningCode_outputsExpectedText(java.lang.String, java.lang.String)[pri:0, instance:de.letsbuildacompiler.compiler.CompilerTest@724af044]" name="runningCode_outputsExpectedText" duration-ms="54" started-at="2018-12-09T23:05:46Z" data-provider="provide_code_expectedText" finished-at="2018-12-09T23:05:46Z">
          <params>
            <param index="0">
              <value>
                <![CDATA[println(2*3);]]>
              </value>
            </param>
            <param index="1">
              <value>
                <![CDATA[6
]]>
              </value>
            </param>
          </params>
          <reporter-output>
          </reporter-output>
        </test-method> <!-- runningCode_outputsExpectedText -->
        <test-method status="PASS" signature="createTempDir()[pri:0, instance:de.letsbuildacompiler.compiler.CompilerTest@724af044]" name="createTempDir" is-config="true" duration-ms="1" started-at="2018-12-09T23:05:46Z" finished-at="2018-12-09T23:05:46Z">
          <reporter-output>
          </reporter-output>
        </test-method> <!-- createTempDir -->
        <test-method status="PASS" signature="deleteTempDir()[pri:0, instance:de.letsbuildacompiler.compiler.CompilerTest@724af044]" name="deleteTempDir" is-config="true" duration-ms="0" started-at="2018-12-09T23:05:46Z" finished-at="2018-12-09T23:05:46Z">
          <reporter-output>
          </reporter-output>
        </test-method> <!-- deleteTempDir -->
        <test-method status="PASS" signature="runningCode_outputsExpectedText(java.lang.String, java.lang.String)[pri:0, instance:de.letsbuildacompiler.compiler.CompilerTest@724af044]" name="runningCode_outputsExpectedText" duration-ms="62" started-at="2018-12-09T23:05:46Z" data-provider="provide_code_expectedText" finished-at="2018-12-09T23:05:46Z">
          <params>
            <param index="0">
              <value>
                <![CDATA[println(6/2);]]>
              </value>
            </param>
            <param index="1">
              <value>
                <![CDATA[3
]]>
              </value>
            </param>
          </params>
          <reporter-output>
          </reporter-output>
        </test-method> <!-- runningCode_outputsExpectedText -->
        <test-method status="PASS" signature="createTempDir()[pri:0, instance:de.letsbuildacompiler.compiler.CompilerTest@724af044]" name="createTempDir" is-config="true" duration-ms="1" started-at="2018-12-09T23:05:46Z" finished-at="2018-12-09T23:05:46Z">
          <reporter-output>
          </reporter-output>
        </test-method> <!-- createTempDir -->
        <test-method status="PASS" signature="deleteTempDir()[pri:0, instance:de.letsbuildacompiler.compiler.CompilerTest@724af044]" name="deleteTempDir" is-config="true" duration-ms="0" started-at="2018-12-09T23:05:46Z" finished-at="2018-12-09T23:05:46Z">
          <reporter-output>
          </reporter-output>
        </test-method> <!-- deleteTempDir -->
        <test-method status="PASS" signature="runningCode_outputsExpectedText(java.lang.String, java.lang.String)[pri:0, instance:de.letsbuildacompiler.compiler.CompilerTest@724af044]" name="runningCode_outputsExpectedText" duration-ms="52" started-at="2018-12-09T23:05:46Z" data-provider="provide_code_expectedText" finished-at="2018-12-09T23:05:46Z">
          <params>
            <param index="0">
              <value>
                <![CDATA[println(7/2);]]>
              </value>
            </param>
            <param index="1">
              <value>
                <![CDATA[3
]]>
              </value>
            </param>
          </params>
          <reporter-output>
          </reporter-output>
        </test-method> <!-- runningCode_outputsExpectedText -->
        <test-method status="PASS" signature="deleteTempDir()[pri:0, instance:de.letsbuildacompiler.compiler.CompilerTest@724af044]" name="deleteTempDir" is-config="true" duration-ms="0" started-at="2018-12-09T23:05:46Z" finished-at="2018-12-09T23:05:46Z">
          <reporter-output>
          </reporter-output>
        </test-method> <!-- deleteTempDir -->
        <test-method status="PASS" signature="runningCode_outputsExpectedText(java.lang.String, java.lang.String)[pri:0, instance:de.letsbuildacompiler.compiler.CompilerTest@724af044]" name="runningCode_outputsExpectedText" duration-ms="53" started-at="2018-12-09T23:05:46Z" data-provider="provide_code_expectedText" finished-at="2018-12-09T23:05:46Z">
          <params>
            <param index="0">
              <value>
                <![CDATA[println(8/2*4);]]>
              </value>
            </param>
            <param index="1">
              <value>
                <![CDATA[16
]]>
              </value>
            </param>
          </params>
          <reporter-output>
          </reporter-output>
        </test-method> <!-- runningCode_outputsExpectedText -->
        <test-method status="PASS" signature="createTempDir()[pri:0, instance:de.letsbuildacompiler.compiler.CompilerTest@724af044]" name="createTempDir" is-config="true" duration-ms="0" started-at="2018-12-09T23:05:46Z" finished-at="2018-12-09T23:05:46Z">
          <reporter-output>
          </reporter-output>
        </test-method> <!-- createTempDir -->
        <test-method status="PASS" signature="deleteTempDir()[pri:0, instance:de.letsbuildacompiler.compiler.CompilerTest@724af044]" name="deleteTempDir" is-config="true" duration-ms="0" started-at="2018-12-09T23:05:46Z" finished-at="2018-12-09T23:05:46Z">
          <reporter-output>
          </reporter-output>
        </test-method> <!-- deleteTempDir -->
        <test-method status="PASS" signature="createTempDir()[pri:0, instance:de.letsbuildacompiler.compiler.CompilerTest@724af044]" name="createTempDir" is-config="true" duration-ms="0" started-at="2018-12-09T23:05:46Z" finished-at="2018-12-09T23:05:46Z">
          <reporter-output>
          </reporter-output>
        </test-method> <!-- createTempDir -->
        <test-method status="PASS" signature="runningCode_outputsExpectedText(java.lang.String, java.lang.String)[pri:0, instance:de.letsbuildacompiler.compiler.CompilerTest@724af044]" name="runningCode_outputsExpectedText" duration-ms="53" started-at="2018-12-09T23:05:46Z" data-provider="provide_code_expectedText" finished-at="2018-12-09T23:05:46Z">
          <params>
            <param index="0">
              <value>
                <![CDATA[println(2+3*3);]]>
              </value>
            </param>
            <param index="1">
              <value>
                <![CDATA[11
]]>
              </value>
            </param>
          </params>
          <reporter-output>
          </reporter-output>
        </test-method> <!-- runningCode_outputsExpectedText -->
        <test-method status="PASS" signature="deleteTempDir()[pri:0, instance:de.letsbuildacompiler.compiler.CompilerTest@724af044]" name="deleteTempDir" is-config="true" duration-ms="1" started-at="2018-12-09T23:05:46Z" finished-at="2018-12-09T23:05:46Z">
          <reporter-output>
          </reporter-output>
        </test-method> <!-- deleteTempDir -->
        <test-method status="PASS" signature="runningCode_outputsExpectedText(java.lang.String, java.lang.String)[pri:0, instance:de.letsbuildacompiler.compiler.CompilerTest@724af044]" name="runningCode_outputsExpectedText" duration-ms="56" started-at="2018-12-09T23:05:46Z" data-provider="provide_code_expectedText" finished-at="2018-12-09T23:05:46Z">
          <params>
            <param index="0">
              <value>
                <![CDATA[println(9-2*3);]]>
              </value>
            </param>
            <param index="1">
              <value>
                <![CDATA[3
]]>
              </value>
            </param>
          </params>
          <reporter-output>
          </reporter-output>
        </test-method> <!-- runningCode_outputsExpectedText -->
        <test-method status="PASS" signature="createTempDir()[pri:0, instance:de.letsbuildacompiler.compiler.CompilerTest@724af044]" name="createTempDir" is-config="true" duration-ms="0" started-at="2018-12-09T23:05:46Z" finished-at="2018-12-09T23:05:46Z">
          <reporter-output>
          </reporter-output>
        </test-method> <!-- createTempDir -->
        <test-method status="PASS" signature="createTempDir()[pri:0, instance:de.letsbuildacompiler.compiler.CompilerTest@724af044]" name="createTempDir" is-config="true" duration-ms="1" started-at="2018-12-09T23:05:46Z" finished-at="2018-12-09T23:05:46Z">
          <reporter-output>
          </reporter-output>
        </test-method> <!-- createTempDir -->
        <test-method status="PASS" signature="deleteTempDir()[pri:0, instance:de.letsbuildacompiler.compiler.CompilerTest@724af044]" name="deleteTempDir" is-config="true" duration-ms="0" started-at="2018-12-09T23:05:46Z" finished-at="2018-12-09T23:05:46Z">
          <reporter-output>
          </reporter-output>
        </test-method> <!-- deleteTempDir -->
        <test-method status="PASS" signature="runningCode_outputsExpectedText(java.lang.String, java.lang.String)[pri:0, instance:de.letsbuildacompiler.compiler.CompilerTest@724af044]" name="runningCode_outputsExpectedText" duration-ms="56" started-at="2018-12-09T23:05:46Z" data-provider="provide_code_expectedText" finished-at="2018-12-09T23:05:46Z">
          <params>
            <param index="0">
              <value>
                <![CDATA[println(8-2+5);]]>
              </value>
            </param>
            <param index="1">
              <value>
                <![CDATA[11
]]>
              </value>
            </param>
          </params>
          <reporter-output>
          </reporter-output>
        </test-method> <!-- runningCode_outputsExpectedText -->
        <test-method status="PASS" signature="runningCode_outputsExpectedText(java.lang.String, java.lang.String)[pri:0, instance:de.letsbuildacompiler.compiler.CompilerTest@724af044]" name="runningCode_outputsExpectedText" duration-ms="66" started-at="2018-12-09T23:05:46Z" data-provider="provide_code_expectedText" finished-at="2018-12-09T23:05:46Z">
          <params>
            <param index="0">
              <value>
                <![CDATA[int foo; foo = 42; println(foo);]]>
              </value>
            </param>
            <param index="1">
              <value>
                <![CDATA[42
]]>
              </value>
            </param>
          </params>
          <reporter-output>
          </reporter-output>
        </test-method> <!-- runningCode_outputsExpectedText -->
        <test-method status="PASS" signature="deleteTempDir()[pri:0, instance:de.letsbuildacompiler.compiler.CompilerTest@724af044]" name="deleteTempDir" is-config="true" duration-ms="0" started-at="2018-12-09T23:05:46Z" finished-at="2018-12-09T23:05:46Z">
          <reporter-output>
          </reporter-output>
        </test-method> <!-- deleteTempDir -->
        <test-method status="PASS" signature="createTempDir()[pri:0, instance:de.letsbuildacompiler.compiler.CompilerTest@724af044]" name="createTempDir" is-config="true" duration-ms="0" started-at="2018-12-09T23:05:46Z" finished-at="2018-12-09T23:05:46Z">
          <reporter-output>
          </reporter-output>
        </test-method> <!-- createTempDir -->
        <test-method status="PASS" signature="deleteTempDir()[pri:0, instance:de.letsbuildacompiler.compiler.CompilerTest@724af044]" name="deleteTempDir" is-config="true" duration-ms="1" started-at="2018-12-09T23:05:46Z" finished-at="2018-12-09T23:05:46Z">
          <reporter-output>
          </reporter-output>
        </test-method> <!-- deleteTempDir -->
        <test-method status="PASS" signature="createTempDir()[pri:0, instance:de.letsbuildacompiler.compiler.CompilerTest@724af044]" name="createTempDir" is-config="true" duration-ms="1" started-at="2018-12-09T23:05:46Z" finished-at="2018-12-09T23:05:46Z">
          <reporter-output>
          </reporter-output>
        </test-method> <!-- createTempDir -->
        <test-method status="PASS" signature="runningCode_outputsExpectedText(java.lang.String, java.lang.String)[pri:0, instance:de.letsbuildacompiler.compiler.CompilerTest@724af044]" name="runningCode_outputsExpectedText" duration-ms="51" started-at="2018-12-09T23:05:46Z" data-provider="provide_code_expectedText" finished-at="2018-12-09T23:05:46Z">
          <params>
            <param index="0">
              <value>
                <![CDATA[int foo; foo = 42; println(foo+2);]]>
              </value>
            </param>
            <param index="1">
              <value>
                <![CDATA[44
]]>
              </value>
            </param>
          </params>
          <reporter-output>
          </reporter-output>
        </test-method> <!-- runningCode_outputsExpectedText -->
        <test-method status="PASS" signature="deleteTempDir()[pri:0, instance:de.letsbuildacompiler.compiler.CompilerTest@724af044]" name="deleteTempDir" is-config="true" duration-ms="1" started-at="2018-12-09T23:05:46Z" finished-at="2018-12-09T23:05:46Z">
          <reporter-output>
          </reporter-output>
        </test-method> <!-- deleteTempDir -->
        <test-method status="PASS" signature="createTempDir()[pri:0, instance:de.letsbuildacompiler.compiler.CompilerTest@724af044]" name="createTempDir" is-config="true" duration-ms="0" started-at="2018-12-09T23:05:46Z" finished-at="2018-12-09T23:05:46Z">
          <reporter-output>
          </reporter-output>
        </test-method> <!-- createTempDir -->
        <test-method status="PASS" signature="runningCode_outputsExpectedText(java.lang.String, java.lang.String)[pri:0, instance:de.letsbuildacompiler.compiler.CompilerTest@724af044]" name="runningCode_outputsExpectedText" duration-ms="54" started-at="2018-12-09T23:05:46Z" data-provider="provide_code_expectedText" finished-at="2018-12-09T23:05:47Z">
          <params>
            <param index="0">
              <value>
                <![CDATA[int a; int b; a = 2; b = 5; println(a+b);]]>
              </value>
            </param>
            <param index="1">
              <value>
                <![CDATA[7
]]>
              </value>
            </param>
          </params>
          <reporter-output>
          </reporter-output>
        </test-method> <!-- runningCode_outputsExpectedText -->
        <test-method status="PASS" signature="createTempDir()[pri:0, instance:de.letsbuildacompiler.compiler.CompilerTest@724af044]" name="createTempDir" is-config="true" duration-ms="1" started-at="2018-12-09T23:05:47Z" finished-at="2018-12-09T23:05:47Z">
          <reporter-output>
          </reporter-output>
        </test-method> <!-- createTempDir -->
        <test-method status="PASS" signature="deleteTempDir()[pri:0, instance:de.letsbuildacompiler.compiler.CompilerTest@724af044]" name="deleteTempDir" is-config="true" duration-ms="0" started-at="2018-12-09T23:05:47Z" finished-at="2018-12-09T23:05:47Z">
          <reporter-output>
          </reporter-output>
        </test-method> <!-- deleteTempDir -->
        <test-method status="PASS" signature="runningCode_outputsExpectedText(java.lang.String, java.lang.String)[pri:0, instance:de.letsbuildacompiler.compiler.CompilerTest@724af044]" name="runningCode_outputsExpectedText" duration-ms="56" started-at="2018-12-09T23:05:47Z" data-provider="provide_code_expectedText" finished-at="2018-12-09T23:05:47Z">
          <params>
            <param index="0">
              <value>
                <![CDATA[int randomNumber() { return 4; } println(randomNumber());]]>
              </value>
            </param>
            <param index="1">
              <value>
                <![CDATA[4
]]>
              </value>
            </param>
          </params>
          <reporter-output>
          </reporter-output>
        </test-method> <!-- runningCode_outputsExpectedText -->
        <test-method status="PASS" signature="createTempDir()[pri:0, instance:de.letsbuildacompiler.compiler.CompilerTest@724af044]" name="createTempDir" is-config="true" duration-ms="1" started-at="2018-12-09T23:05:47Z" finished-at="2018-12-09T23:05:47Z">
          <reporter-output>
          </reporter-output>
        </test-method> <!-- createTempDir -->
        <test-method status="PASS" signature="deleteTempDir()[pri:0, instance:de.letsbuildacompiler.compiler.CompilerTest@724af044]" name="deleteTempDir" is-config="true" duration-ms="0" started-at="2018-12-09T23:05:47Z" finished-at="2018-12-09T23:05:47Z">
          <reporter-output>
          </reporter-output>
        </test-method> <!-- deleteTempDir -->
        <test-method status="PASS" signature="runningCode_outputsExpectedText(java.lang.String, java.lang.String)[pri:0, instance:de.letsbuildacompiler.compiler.CompilerTest@724af044]" name="runningCode_outputsExpectedText" duration-ms="53" started-at="2018-12-09T23:05:47Z" data-provider="provide_code_expectedText" finished-at="2018-12-09T23:05:47Z">
          <params>
            <param index="0">
              <value>
                <![CDATA[int randomNumber() {
  int i;
  i = 4;
  return i;
}
println(randomNumber());]]>
              </value>
            </param>
            <param index="1">
              <value>
                <![CDATA[4
]]>
              </value>
            </param>
          </params>
          <reporter-output>
          </reporter-output>
        </test-method> <!-- runningCode_outputsExpectedText -->
        <test-method status="PASS" signature="deleteTempDir()[pri:0, instance:de.letsbuildacompiler.compiler.CompilerTest@724af044]" name="deleteTempDir" is-config="true" duration-ms="0" started-at="2018-12-09T23:05:47Z" finished-at="2018-12-09T23:05:47Z">
          <reporter-output>
          </reporter-output>
        </test-method> <!-- deleteTempDir -->
        <test-method status="PASS" signature="createTempDir()[pri:0, instance:de.letsbuildacompiler.compiler.CompilerTest@724af044]" name="createTempDir" is-config="true" duration-ms="0" started-at="2018-12-09T23:05:47Z" finished-at="2018-12-09T23:05:47Z">
          <reporter-output>
          </reporter-output>
        </test-method> <!-- createTempDir -->
        <test-method status="PASS" signature="runningCode_outputsExpectedText(java.lang.String, java.lang.String)[pri:0, instance:de.letsbuildacompiler.compiler.CompilerTest@724af044]" name="runningCode_outputsExpectedText" duration-ms="62" started-at="2018-12-09T23:05:47Z" data-provider="provide_code_expectedText" finished-at="2018-12-09T23:05:47Z">
          <params>
            <param index="0">
              <value>
                <![CDATA[int randomNumber() {
  int i;
  i = 4;
  return i;
}
int i;
i = 42;
println(randomNumber());
println(i);]]>
              </value>
            </param>
            <param index="1">
              <value>
                <![CDATA[4
42
]]>
              </value>
            </param>
          </params>
          <reporter-output>
          </reporter-output>
        </test-method> <!-- runningCode_outputsExpectedText -->
        <test-method status="PASS" signature="deleteTempDir()[pri:0, instance:de.letsbuildacompiler.compiler.CompilerTest@724af044]" name="deleteTempDir" is-config="true" duration-ms="0" started-at="2018-12-09T23:05:47Z" finished-at="2018-12-09T23:05:47Z">
          <reporter-output>
          </reporter-output>
        </test-method> <!-- deleteTempDir -->
        <test-method status="PASS" signature="createTempDir()[pri:0, instance:de.letsbuildacompiler.compiler.CompilerTest@724af044]" name="createTempDir" is-config="true" duration-ms="1" started-at="2018-12-09T23:05:47Z" finished-at="2018-12-09T23:05:47Z">
          <reporter-output>
          </reporter-output>
        </test-method> <!-- createTempDir -->
        <test-method status="PASS" signature="runningCode_outputsExpectedText(java.lang.String, java.lang.String)[pri:0, instance:de.letsbuildacompiler.compiler.CompilerTest@724af044]" name="runningCode_outputsExpectedText" duration-ms="54" started-at="2018-12-09T23:05:47Z" data-provider="provide_code_expectedText" finished-at="2018-12-09T23:05:47Z">
          <params>
            <param index="0">
              <value>
                <![CDATA[int add(int a, int b) {
  return a+b;
}
println(add(5,8));]]>
              </value>
            </param>
            <param index="1">
              <value>
                <![CDATA[13
]]>
              </value>
            </param>
          </params>
          <reporter-output>
          </reporter-output>
        </test-method> <!-- runningCode_outputsExpectedText -->
        <test-method status="PASS" signature="createTempDir()[pri:0, instance:de.letsbuildacompiler.compiler.CompilerTest@724af044]" name="createTempDir" is-config="true" duration-ms="1" started-at="2018-12-09T23:05:47Z" finished-at="2018-12-09T23:05:47Z">
          <reporter-output>
          </reporter-output>
        </test-method> <!-- createTempDir -->
        <test-method status="PASS" signature="deleteTempDir()[pri:0, instance:de.letsbuildacompiler.compiler.CompilerTest@724af044]" name="deleteTempDir" is-config="true" duration-ms="0" started-at="2018-12-09T23:05:47Z" finished-at="2018-12-09T23:05:47Z">
          <reporter-output>
          </reporter-output>
        </test-method> <!-- deleteTempDir -->
        <test-method status="PASS" signature="runningCode_outputsExpectedText(java.lang.String, java.lang.String)[pri:0, instance:de.letsbuildacompiler.compiler.CompilerTest@724af044]" name="runningCode_outputsExpectedText" duration-ms="54" started-at="2018-12-09T23:05:47Z" data-provider="provide_code_expectedText" finished-at="2018-12-09T23:05:47Z">
          <params>
            <param index="0">
              <value>
                <![CDATA[int methodWithParams(int a) {
  int x;
  x = a;
  return x;
}
println(methodWithParams(5));]]>
              </value>
            </param>
            <param index="1">
              <value>
                <![CDATA[5
]]>
              </value>
            </param>
          </params>
          <reporter-output>
          </reporter-output>
        </test-method> <!-- runningCode_outputsExpectedText -->
        <test-method status="PASS" signature="deleteTempDir()[pri:0, instance:de.letsbuildacompiler.compiler.CompilerTest@724af044]" name="deleteTempDir" is-config="true" duration-ms="1" started-at="2018-12-09T23:05:47Z" finished-at="2018-12-09T23:05:47Z">
          <reporter-output>
          </reporter-output>
        </test-method> <!-- deleteTempDir -->
        <test-method status="PASS" signature="runningCode_outputsExpectedText(java.lang.String, java.lang.String)[pri:0, instance:de.letsbuildacompiler.compiler.CompilerTest@724af044]" name="runningCode_outputsExpectedText" duration-ms="55" started-at="2018-12-09T23:05:47Z" data-provider="provide_code_expectedText" finished-at="2018-12-09T23:05:47Z">
          <params>
            <param index="0">
              <value>
                <![CDATA[int vector() {
  int x[3];
  x[0] = 10;
  x[1] = x[0] + x[0];
  x[2] = x[1] + x[0];
  return x[2];
}
println(vector());]]>
              </value>
            </param>
            <param index="1">
              <value>
                <![CDATA[30
]]>
              </value>
            </param>
          </params>
          <reporter-output>
          </reporter-output>
        </test-method> <!-- runningCode_outputsExpectedText -->
        <test-method status="PASS" signature="createTempDir()[pri:0, instance:de.letsbuildacompiler.compiler.CompilerTest@724af044]" name="createTempDir" is-config="true" duration-ms="0" started-at="2018-12-09T23:05:47Z" finished-at="2018-12-09T23:05:47Z">
          <reporter-output>
          </reporter-output>
        </test-method> <!-- createTempDir -->
        <test-method status="PASS" signature="runningCode_outputsExpectedText(java.lang.String, java.lang.String)[pri:0, instance:de.letsbuildacompiler.compiler.CompilerTest@724af044]" name="runningCode_outputsExpectedText" duration-ms="55" started-at="2018-12-09T23:05:47Z" data-provider="provide_code_expectedText" finished-at="2018-12-09T23:05:47Z">
          <params>
            <param index="0">
              <value>
                <![CDATA[int main() {
int z[10];
z[0] = 300;
return z[0];
}
println(main());]]>
              </value>
            </param>
            <param index="1">
              <value>
                <![CDATA[300
]]>
              </value>
            </param>
          </params>
          <reporter-output>
          </reporter-output>
        </test-method> <!-- runningCode_outputsExpectedText -->
        <test-method status="PASS" signature="deleteTempDir()[pri:0, instance:de.letsbuildacompiler.compiler.CompilerTest@724af044]" name="deleteTempDir" is-config="true" duration-ms="0" started-at="2018-12-09T23:05:47Z" finished-at="2018-12-09T23:05:47Z">
          <reporter-output>
          </reporter-output>
        </test-method> <!-- deleteTempDir -->
        <test-method status="PASS" signature="createTempDir()[pri:0, instance:de.letsbuildacompiler.compiler.CompilerTest@724af044]" name="createTempDir" is-config="true" duration-ms="0" started-at="2018-12-09T23:05:47Z" finished-at="2018-12-09T23:05:47Z">
          <reporter-output>
          </reporter-output>
        </test-method> <!-- createTempDir -->
        <test-method status="PASS" signature="deleteTempDir()[pri:0, instance:de.letsbuildacompiler.compiler.CompilerTest@724af044]" name="deleteTempDir" is-config="true" duration-ms="0" started-at="2018-12-09T23:05:47Z" finished-at="2018-12-09T23:05:47Z">
          <reporter-output>
          </reporter-output>
        </test-method> <!-- deleteTempDir -->
        <test-method status="PASS" signature="createTempDir()[pri:0, instance:de.letsbuildacompiler.compiler.CompilerTest@724af044]" name="createTempDir" is-config="true" duration-ms="0" started-at="2018-12-09T23:05:47Z" finished-at="2018-12-09T23:05:47Z">
          <reporter-output>
          </reporter-output>
        </test-method> <!-- createTempDir -->
        <test-method status="PASS" signature="runningCode_outputsExpectedText(java.lang.String, java.lang.String)[pri:0, instance:de.letsbuildacompiler.compiler.CompilerTest@724af044]" name="runningCode_outputsExpectedText" duration-ms="54" started-at="2018-12-09T23:05:47Z" data-provider="provide_code_expectedText" finished-at="2018-12-09T23:05:47Z">
          <params>
            <param index="0">
              <value>
                <![CDATA[int assignToVector(int a) {
  int x[3];
  x[0] = a;
  return x[0];
}
println(assignToVector(10));]]>
              </value>
            </param>
            <param index="1">
              <value>
                <![CDATA[10
]]>
              </value>
            </param>
          </params>
          <reporter-output>
          </reporter-output>
        </test-method> <!-- runningCode_outputsExpectedText -->
        <test-method status="PASS" signature="deleteTempDir()[pri:0, instance:de.letsbuildacompiler.compiler.CompilerTest@724af044]" name="deleteTempDir" is-config="true" duration-ms="0" started-at="2018-12-09T23:05:47Z" finished-at="2018-12-09T23:05:47Z">
          <reporter-output>
          </reporter-output>
        </test-method> <!-- deleteTempDir -->
        <test-method status="PASS" signature="createTempDir()[pri:0, instance:de.letsbuildacompiler.compiler.CompilerTest@724af044]" name="createTempDir" is-config="true" duration-ms="0" started-at="2018-12-09T23:05:47Z" finished-at="2018-12-09T23:05:47Z">
          <reporter-output>
          </reporter-output>
        </test-method> <!-- createTempDir -->
        <test-method status="PASS" signature="runningCode_outputsExpectedText(java.lang.String, java.lang.String)[pri:0, instance:de.letsbuildacompiler.compiler.CompilerTest@724af044]" name="runningCode_outputsExpectedText" duration-ms="53" started-at="2018-12-09T23:05:47Z" data-provider="provide_code_expectedText" finished-at="2018-12-09T23:05:47Z">
          <params>
            <param index="0">
              <value>
                <![CDATA[int vectorIndex(int index) {
  int x[10];
  x[index] = index;
  return x[index];
}
println(vectorIndex(2));]]>
              </value>
            </param>
            <param index="1">
              <value>
                <![CDATA[2
]]>
              </value>
            </param>
          </params>
          <reporter-output>
          </reporter-output>
        </test-method> <!-- runningCode_outputsExpectedText -->
        <test-method status="PASS" signature="deleteTempDir()[pri:0, instance:de.letsbuildacompiler.compiler.CompilerTest@724af044]" name="deleteTempDir" is-config="true" duration-ms="1" started-at="2018-12-09T23:05:47Z" finished-at="2018-12-09T23:05:47Z">
          <reporter-output>
          </reporter-output>
        </test-method> <!-- deleteTempDir -->
        <test-method status="PASS" signature="runningCode_outputsExpectedText(java.lang.String, java.lang.String)[pri:0, instance:de.letsbuildacompiler.compiler.CompilerTest@724af044]" name="runningCode_outputsExpectedText" duration-ms="51" started-at="2018-12-09T23:05:47Z" data-provider="provide_code_expectedText" finished-at="2018-12-09T23:05:47Z">
          <params>
            <param index="0">
              <value>
                <![CDATA[int PA(int a) {
  int x[4];
  x[0] = a;
  x[1] = x[0] + a;
  x[2] = x[1] + a;
  x[3] = x[2] + a;
  return x[3];
}
println(PA(10));]]>
              </value>
            </param>
            <param index="1">
              <value>
                <![CDATA[40
]]>
              </value>
            </param>
          </params>
          <reporter-output>
          </reporter-output>
        </test-method> <!-- runningCode_outputsExpectedText -->
        <test-method status="PASS" signature="createTempDir()[pri:0, instance:de.letsbuildacompiler.compiler.CompilerTest@724af044]" name="createTempDir" is-config="true" duration-ms="0" started-at="2018-12-09T23:05:47Z" finished-at="2018-12-09T23:05:47Z">
          <reporter-output>
          </reporter-output>
        </test-method> <!-- createTempDir -->
        <test-method status="PASS" signature="runningCode_outputsExpectedText(java.lang.String, java.lang.String)[pri:0, instance:de.letsbuildacompiler.compiler.CompilerTest@724af044]" name="runningCode_outputsExpectedText" duration-ms="49" started-at="2018-12-09T23:05:47Z" data-provider="provide_code_expectedText" finished-at="2018-12-09T23:05:47Z">
          <params>
            <param index="0">
              <value>
                <![CDATA[int swap(int a, int b) {
  int x[2];
  x[0] = a;
  x[1] = b;
  int c;
  c = x[0];
  x[0] = x[1];
  x[1] = c;
  println(x[1]);
  return x[0];
}
println(swap(9,3));]]>
              </value>
            </param>
            <param index="1">
              <value>
                <![CDATA[9
3
]]>
              </value>
            </param>
          </params>
          <reporter-output>
          </reporter-output>
        </test-method> <!-- runningCode_outputsExpectedText -->
        <test-method status="PASS" signature="deleteTempDir()[pri:0, instance:de.letsbuildacompiler.compiler.CompilerTest@724af044]" name="deleteTempDir" is-config="true" duration-ms="0" started-at="2018-12-09T23:05:47Z" finished-at="2018-12-09T23:05:47Z">
          <reporter-output>
          </reporter-output>
        </test-method> <!-- deleteTempDir -->
        <test-method status="PASS" signature="createTempDir()[pri:0, instance:de.letsbuildacompiler.compiler.CompilerTest@724af044]" name="createTempDir" is-config="true" duration-ms="0" started-at="2018-12-09T23:05:47Z" finished-at="2018-12-09T23:05:47Z">
          <reporter-output>
          </reporter-output>
        </test-method> <!-- createTempDir -->
        <test-method status="PASS" signature="deleteTempDir()[pri:0, instance:de.letsbuildacompiler.compiler.CompilerTest@724af044]" name="deleteTempDir" is-config="true" duration-ms="1" started-at="2018-12-09T23:05:47Z" finished-at="2018-12-09T23:05:47Z">
          <reporter-output>
          </reporter-output>
        </test-method> <!-- deleteTempDir -->
        <test-method status="PASS" signature="createTempDir()[pri:0, instance:de.letsbuildacompiler.compiler.CompilerTest@724af044]" name="createTempDir" is-config="true" duration-ms="0" started-at="2018-12-09T23:05:47Z" finished-at="2018-12-09T23:05:47Z">
          <reporter-output>
          </reporter-output>
        </test-method> <!-- createTempDir -->
        <test-method status="PASS" signature="runningCode_outputsExpectedText(java.lang.String, java.lang.String)[pri:0, instance:de.letsbuildacompiler.compiler.CompilerTest@724af044]" name="runningCode_outputsExpectedText" duration-ms="50" started-at="2018-12-09T23:05:47Z" data-provider="provide_code_expectedText" finished-at="2018-12-09T23:05:47Z">
          <params>
            <param index="0">
              <value>
                <![CDATA[int vectorArg(int a[]) {
  println(a[2]);
  a[0] = 1;
  return a[0];
}
int a[10];
a[2] = 3;
println(vectorArg(a));]]>
              </value>
            </param>
            <param index="1">
              <value>
                <![CDATA[3
1
]]>
              </value>
            </param>
          </params>
          <reporter-output>
          </reporter-output>
        </test-method> <!-- runningCode_outputsExpectedText -->
        <test-method status="PASS" signature="createTempDir()[pri:0, instance:de.letsbuildacompiler.compiler.CompilerTest@724af044]" name="createTempDir" is-config="true" duration-ms="1" started-at="2018-12-09T23:05:47Z" finished-at="2018-12-09T23:05:47Z">
          <reporter-output>
          </reporter-output>
        </test-method> <!-- createTempDir -->
        <test-method status="PASS" signature="deleteTempDir()[pri:0, instance:de.letsbuildacompiler.compiler.CompilerTest@724af044]" name="deleteTempDir" is-config="true" duration-ms="0" started-at="2018-12-09T23:05:47Z" finished-at="2018-12-09T23:05:47Z">
          <reporter-output>
          </reporter-output>
        </test-method> <!-- deleteTempDir -->
        <test-method status="PASS" signature="runningCode_outputsExpectedText(java.lang.String, java.lang.String)[pri:0, instance:de.letsbuildacompiler.compiler.CompilerTest@724af044]" name="runningCode_outputsExpectedText" duration-ms="50" started-at="2018-12-09T23:05:47Z" data-provider="provide_code_expectedText" finished-at="2018-12-09T23:05:47Z">
          <params>
            <param index="0">
              <value>
                <![CDATA[int swapVector(int a[], int b[]) {
  int temp;
  temp = a[0];
  a[0] = b[1];
  b[1] = temp;
  println(b[1]);
  return a[0];
}
int a[10];
a[0] = 99;
a[1] = 15;
println(swapVector(a, a));]]>
              </value>
            </param>
            <param index="1">
              <value>
                <![CDATA[99
15
]]>
              </value>
            </param>
          </params>
          <reporter-output>
          </reporter-output>
        </test-method> <!-- runningCode_outputsExpectedText -->
        <test-method status="PASS" signature="createTempDir()[pri:0, instance:de.letsbuildacompiler.compiler.CompilerTest@724af044]" name="createTempDir" is-config="true" duration-ms="1" started-at="2018-12-09T23:05:47Z" finished-at="2018-12-09T23:05:47Z">
          <reporter-output>
          </reporter-output>
        </test-method> <!-- createTempDir -->
        <test-method status="PASS" signature="deleteTempDir()[pri:0, instance:de.letsbuildacompiler.compiler.CompilerTest@724af044]" name="deleteTempDir" is-config="true" duration-ms="0" started-at="2018-12-09T23:05:47Z" finished-at="2018-12-09T23:05:47Z">
          <reporter-output>
          </reporter-output>
        </test-method> <!-- deleteTempDir -->
        <test-method status="PASS" signature="runningCode_outputsExpectedText(java.lang.String, java.lang.String)[pri:0, instance:de.letsbuildacompiler.compiler.CompilerTest@724af044]" name="runningCode_outputsExpectedText" duration-ms="49" started-at="2018-12-09T23:05:47Z" data-provider="provide_code_expectedText" finished-at="2018-12-09T23:05:47Z">
          <params>
            <param index="0">
              <value>
                <![CDATA[int simpleWhile() {
  int i;
  i = 0;
  while (i < 10) {
  i = i + 1;
};
 return i;
}
println(simpleWhile());]]>
              </value>
            </param>
            <param index="1">
              <value>
                <![CDATA[10
]]>
              </value>
            </param>
          </params>
          <reporter-output>
          </reporter-output>
        </test-method> <!-- runningCode_outputsExpectedText -->
        <test-method status="PASS" signature="deleteTempDir()[pri:0, instance:de.letsbuildacompiler.compiler.CompilerTest@724af044]" name="deleteTempDir" is-config="true" duration-ms="0" started-at="2018-12-09T23:05:47Z" finished-at="2018-12-09T23:05:47Z">
          <reporter-output>
          </reporter-output>
        </test-method> <!-- deleteTempDir -->
        <test-method status="PASS" signature="runningCode_outputsExpectedText(java.lang.String, java.lang.String)[pri:0, instance:de.letsbuildacompiler.compiler.CompilerTest@724af044]" name="runningCode_outputsExpectedText" duration-ms="60" started-at="2018-12-09T23:05:47Z" data-provider="provide_code_expectedText" finished-at="2018-12-09T23:05:47Z">
          <params>
            <param index="0">
              <value>
                <![CDATA[int whileALessThanB(int a, int b) {
  while (a < b) {
  a = a + 1;
};
 return a;
}
println(whileALessThanB(1, 10));]]>
              </value>
            </param>
            <param index="1">
              <value>
                <![CDATA[10
]]>
              </value>
            </param>
          </params>
          <reporter-output>
          </reporter-output>
        </test-method> <!-- runningCode_outputsExpectedText -->
        <test-method status="PASS" signature="createTempDir()[pri:0, instance:de.letsbuildacompiler.compiler.CompilerTest@724af044]" name="createTempDir" is-config="true" duration-ms="0" started-at="2018-12-09T23:05:47Z" finished-at="2018-12-09T23:05:47Z">
          <reporter-output>
          </reporter-output>
        </test-method> <!-- createTempDir -->
        <test-method status="PASS" signature="createTempDir()[pri:0, instance:de.letsbuildacompiler.compiler.CompilerTest@724af044]" name="createTempDir" is-config="true" duration-ms="0" started-at="2018-12-09T23:05:47Z" finished-at="2018-12-09T23:05:47Z">
          <reporter-output>
          </reporter-output>
        </test-method> <!-- createTempDir -->
        <test-method status="PASS" signature="runningCode_outputsExpectedText(java.lang.String, java.lang.String)[pri:0, instance:de.letsbuildacompiler.compiler.CompilerTest@724af044]" name="runningCode_outputsExpectedText" duration-ms="54" started-at="2018-12-09T23:05:47Z" data-provider="provide_code_expectedText" finished-at="2018-12-09T23:05:47Z">
          <params>
            <param index="0">
              <value>
                <![CDATA[int initArray() {
  int i;
  i = 0;
  int vec[10];
  while (i < 10) {
  vec[i] = i;
  println(vec[i]);
  i = i + 1;
};
  println(vec[3]);
 return 1;
}
println(initArray());]]>
              </value>
            </param>
            <param index="1">
              <value>
                <![CDATA[0
1
2
3
4
5
6
7
8
9
3
1
]]>
              </value>
            </param>
          </params>
          <reporter-output>
          </reporter-output>
        </test-method> <!-- runningCode_outputsExpectedText -->
        <test-method status="PASS" signature="deleteTempDir()[pri:0, instance:de.letsbuildacompiler.compiler.CompilerTest@724af044]" name="deleteTempDir" is-config="true" duration-ms="0" started-at="2018-12-09T23:05:47Z" finished-at="2018-12-09T23:05:47Z">
          <reporter-output>
          </reporter-output>
        </test-method> <!-- deleteTempDir -->
        <test-method status="PASS" signature="deleteTempDir()[pri:0, instance:de.letsbuildacompiler.compiler.CompilerTest@724af044]" name="deleteTempDir" is-config="true" duration-ms="1" started-at="2018-12-09T23:05:47Z" finished-at="2018-12-09T23:05:47Z">
          <reporter-output>
          </reporter-output>
        </test-method> <!-- deleteTempDir -->
        <test-method status="PASS" signature="runningCode_outputsExpectedText(java.lang.String, java.lang.String)[pri:0, instance:de.letsbuildacompiler.compiler.CompilerTest@724af044]" name="runningCode_outputsExpectedText" duration-ms="51" started-at="2018-12-09T23:05:47Z" data-provider="provide_code_expectedText" finished-at="2018-12-09T23:05:47Z">
          <params>
            <param index="0">
              <value>
                <![CDATA[int simpleIfTrue() {
  int i;
  i = 0;
  if (i < 10) {
  i = i + 1;
  };
 return i;
}
println(simpleIfTrue());]]>
              </value>
            </param>
            <param index="1">
              <value>
                <![CDATA[1
]]>
              </value>
            </param>
          </params>
          <reporter-output>
          </reporter-output>
        </test-method> <!-- runningCode_outputsExpectedText -->
        <test-method status="PASS" signature="createTempDir()[pri:0, instance:de.letsbuildacompiler.compiler.CompilerTest@724af044]" name="createTempDir" is-config="true" duration-ms="0" started-at="2018-12-09T23:05:47Z" finished-at="2018-12-09T23:05:47Z">
          <reporter-output>
          </reporter-output>
        </test-method> <!-- createTempDir -->
        <test-method status="PASS" signature="runningCode_outputsExpectedText(java.lang.String, java.lang.String)[pri:0, instance:de.letsbuildacompiler.compiler.CompilerTest@724af044]" name="runningCode_outputsExpectedText" duration-ms="69" started-at="2018-12-09T23:05:47Z" data-provider="provide_code_expectedText" finished-at="2018-12-09T23:05:48Z">
          <params>
            <param index="0">
              <value>
                <![CDATA[int simpleIfFalse() {
  int i;
  i = 0;
  if (i >= 10) {
  i = i + 1;
  };
 return i;
}
println(simpleIfFalse());]]>
              </value>
            </param>
            <param index="1">
              <value>
                <![CDATA[0
]]>
              </value>
            </param>
          </params>
          <reporter-output>
          </reporter-output>
        </test-method> <!-- runningCode_outputsExpectedText -->
        <test-method status="PASS" signature="deleteTempDir()[pri:0, instance:de.letsbuildacompiler.compiler.CompilerTest@724af044]" name="deleteTempDir" is-config="true" duration-ms="0" started-at="2018-12-09T23:05:47Z" finished-at="2018-12-09T23:05:47Z">
          <reporter-output>
          </reporter-output>
        </test-method> <!-- deleteTempDir -->
        <test-method status="PASS" signature="createTempDir()[pri:0, instance:de.letsbuildacompiler.compiler.CompilerTest@724af044]" name="createTempDir" is-config="true" duration-ms="0" started-at="2018-12-09T23:05:47Z" finished-at="2018-12-09T23:05:47Z">
          <reporter-output>
          </reporter-output>
        </test-method> <!-- createTempDir -->
        <test-method status="PASS" signature="deleteTempDir()[pri:0, instance:de.letsbuildacompiler.compiler.CompilerTest@724af044]" name="deleteTempDir" is-config="true" duration-ms="1" started-at="2018-12-09T23:05:48Z" finished-at="2018-12-09T23:05:48Z">
          <reporter-output>
          </reporter-output>
        </test-method> <!-- deleteTempDir -->
        <test-method status="PASS" signature="runningCode_outputsExpectedText(java.lang.String, java.lang.String)[pri:0, instance:de.letsbuildacompiler.compiler.CompilerTest@724af044]" name="runningCode_outputsExpectedText" duration-ms="52" started-at="2018-12-09T23:05:48Z" data-provider="provide_code_expectedText" finished-at="2018-12-09T23:05:48Z">
          <params>
            <param index="0">
              <value>
                <![CDATA[int simpleIfElse() {
  int i;
  i = 0;
  if (i == 10) {
  i = i + 1;
  } else {
   i = 200;
  };
 return i;
}
println(simpleIfElse());]]>
              </value>
            </param>
            <param index="1">
              <value>
                <![CDATA[200
]]>
              </value>
            </param>
          </params>
          <reporter-output>
          </reporter-output>
        </test-method> <!-- runningCode_outputsExpectedText -->
        <test-method status="PASS" signature="createTempDir()[pri:0, instance:de.letsbuildacompiler.compiler.CompilerTest@724af044]" name="createTempDir" is-config="true" duration-ms="0" started-at="2018-12-09T23:05:48Z" finished-at="2018-12-09T23:05:48Z">
          <reporter-output>
          </reporter-output>
        </test-method> <!-- createTempDir -->
        <test-method status="PASS" signature="runningCode_outputsExpectedText(java.lang.String, java.lang.String)[pri:0, instance:de.letsbuildacompiler.compiler.CompilerTest@724af044]" name="runningCode_outputsExpectedText" duration-ms="55" started-at="2018-12-09T23:05:48Z" data-provider="provide_code_expectedText" finished-at="2018-12-09T23:05:48Z">
          <params>
            <param index="0">
              <value>
                <![CDATA[int inserir(int k, int x, int n, int v[]) {
int j;
j = n;
while (j > k) {
j = j - 1;
v[j] = v[j-1];
};
v[k] = x;
return n + 1;
}
int v[100];
v[0] = 10;
v[1] = 20;
v[2] = 30;
v[3] = 40;
v[4] = 50;
println(inserir(2, 40, 5, v));]]>
              </value>
            </param>
            <param index="1">
              <value>
                <![CDATA[6
]]>
              </value>
            </param>
          </params>
          <reporter-output>
          </reporter-output>
        </test-method> <!-- runningCode_outputsExpectedText -->
        <test-method status="PASS" signature="deleteTempDir()[pri:0, instance:de.letsbuildacompiler.compiler.CompilerTest@724af044]" name="deleteTempDir" is-config="true" duration-ms="0" started-at="2018-12-09T23:05:48Z" finished-at="2018-12-09T23:05:48Z">
          <reporter-output>
          </reporter-output>
        </test-method> <!-- deleteTempDir -->
        <test-method status="PASS" signature="createTempDir()[pri:0, instance:de.letsbuildacompiler.compiler.CompilerTest@724af044]" name="createTempDir" is-config="true" duration-ms="0" started-at="2018-12-09T23:05:48Z" finished-at="2018-12-09T23:05:48Z">
          <reporter-output>
          </reporter-output>
        </test-method> <!-- createTempDir -->
        <test-method status="PASS" signature="deleteTempDir()[pri:0, instance:de.letsbuildacompiler.compiler.CompilerTest@724af044]" name="deleteTempDir" is-config="true" duration-ms="0" started-at="2018-12-09T23:05:48Z" finished-at="2018-12-09T23:05:48Z">
          <reporter-output>
          </reporter-output>
        </test-method> <!-- deleteTempDir -->
      </class> <!-- de.letsbuildacompiler.compiler.CompilerTest -->
    </test> <!-- Default test -->
  </suite> <!-- Default suite -->
</testng-results>
