<?xml version="1.0" encoding="UTF-8"?>
<!-- Generated by org.testng.reporters.JUnitXMLReporter -->
<testsuite hostname="nicbacic-Inspiron-5557" ignored="0" name="Default test" tests="37" failures="0" timestamp="09 dez 2018 23:05:48 GMT" time="2.187" errors="0">
  <testcase name="compilingCode_throwsUndeclaredVariableException_ifReadingUndefinedVariable" time="0.081" classname="de.letsbuildacompiler.compiler.CompilerTest"/>
  <testcase name="compilingCode_throwsUndeclaredVariableException_ifWritingUndefinedVariable" time="0.003" classname="de.letsbuildacompiler.compiler.CompilerTest"/>
  <testcase name="compilingCode_throwsVariableAlreadyDefinedException_whenDefiningAlreadyDefinedVariable" time="0.004" classname="de.letsbuildacompiler.compiler.CompilerTest"/>
  <testcase name="runningCode_outputsExpectedText" time="0.158" classname="de.letsbuildacompiler.compiler.CompilerTest"/>
  <testcase name="runningCode_outputsExpectedText" time="0.053" classname="de.letsbuildacompiler.compiler.CompilerTest"/>
  <testcase name="runningCode_outputsExpectedText" time="0.053" classname="de.letsbuildacompiler.compiler.CompilerTest"/>
  <testcase name="runningCode_outputsExpectedText" time="0.055" classname="de.letsbuildacompiler.compiler.CompilerTest"/>
  <testcase name="runningCode_outputsExpectedText" time="0.054" classname="de.letsbuildacompiler.compiler.CompilerTest"/>
  <testcase name="runningCode_outputsExpectedText" time="0.062" classname="de.letsbuildacompiler.compiler.CompilerTest"/>
  <testcase name="runningCode_outputsExpectedText" time="0.052" classname="de.letsbuildacompiler.compiler.CompilerTest"/>
  <testcase name="runningCode_outputsExpectedText" time="0.053" classname="de.letsbuildacompiler.compiler.CompilerTest"/>
  <testcase name="runningCode_outputsExpectedText" time="0.053" classname="de.letsbuildacompiler.compiler.CompilerTest"/>
  <testcase name="runningCode_outputsExpectedText" time="0.056" classname="de.letsbuildacompiler.compiler.CompilerTest"/>
  <testcase name="runningCode_outputsExpectedText" time="0.056" classname="de.letsbuildacompiler.compiler.CompilerTest"/>
  <testcase name="runningCode_outputsExpectedText" time="0.066" classname="de.letsbuildacompiler.compiler.CompilerTest"/>
  <testcase name="runningCode_outputsExpectedText" time="0.051" classname="de.letsbuildacompiler.compiler.CompilerTest"/>
  <testcase name="runningCode_outputsExpectedText" time="0.054" classname="de.letsbuildacompiler.compiler.CompilerTest"/>
  <testcase name="runningCode_outputsExpectedText" time="0.056" classname="de.letsbuildacompiler.compiler.CompilerTest"/>
  <testcase name="runningCode_outputsExpectedText" time="0.053" classname="de.letsbuildacompiler.compiler.CompilerTest"/>
  <testcase name="runningCode_outputsExpectedText" time="0.062" classname="de.letsbuildacompiler.compiler.CompilerTest"/>
  <testcase name="runningCode_outputsExpectedText" time="0.054" classname="de.letsbuildacompiler.compiler.CompilerTest"/>
  <testcase name="runningCode_outputsExpectedText" time="0.054" classname="de.letsbuildacompiler.compiler.CompilerTest"/>
  <testcase name="runningCode_outputsExpectedText" time="0.055" classname="de.letsbuildacompiler.compiler.CompilerTest"/>
  <testcase name="runningCode_outputsExpectedText" time="0.055" classname="de.letsbuildacompiler.compiler.CompilerTest"/>
  <testcase name="runningCode_outputsExpectedText" time="0.054" classname="de.letsbuildacompiler.compiler.CompilerTest"/>
  <testcase name="runningCode_outputsExpectedText" time="0.053" classname="de.letsbuildacompiler.compiler.CompilerTest"/>
  <testcase name="runningCode_outputsExpectedText" time="0.051" classname="de.letsbuildacompiler.compiler.CompilerTest"/>
  <testcase name="runningCode_outputsExpectedText" time="0.049" classname="de.letsbuildacompiler.compiler.CompilerTest"/>
  <testcase name="runningCode_outputsExpectedText" time="0.05" classname="de.letsbuildacompiler.compiler.CompilerTest"/>
  <testcase name="runningCode_outputsExpectedText" time="0.05" classname="de.letsbuildacompiler.compiler.CompilerTest"/>
  <testcase name="runningCode_outputsExpectedText" time="0.049" classname="de.letsbuildacompiler.compiler.CompilerTest"/>
  <testcase name="runningCode_outputsExpectedText" time="0.06" classname="de.letsbuildacompiler.compiler.CompilerTest"/>
  <testcase name="runningCode_outputsExpectedText" time="0.054" classname="de.letsbuildacompiler.compiler.CompilerTest"/>
  <testcase name="runningCode_outputsExpectedText" time="0.051" classname="de.letsbuildacompiler.compiler.CompilerTest"/>
  <testcase name="runningCode_outputsExpectedText" time="0.069" classname="de.letsbuildacompiler.compiler.CompilerTest"/>
  <testcase name="runningCode_outputsExpectedText" time="0.052" classname="de.letsbuildacompiler.compiler.CompilerTest"/>
  <testcase name="runningCode_outputsExpectedText" time="0.055" classname="de.letsbuildacompiler.compiler.CompilerTest"/>
</testsuite> <!-- Default test -->
